<?xml version="1.0"?><coverage lines-covered="785" lines-valid="1389" line-rate="0.5651547876169907" branches-covered="0" branches-valid="0" branch-rate="0" complexity="0" version="1.9" timestamp="1755945140"><sources><source>/Users/davidirvine/Desktop/Devel/projects/saorsa-fec</source></sources><packages><package name="src" line-rate="0.5651547876169907" branch-rate="0" complexity="0"><classes><class name="chunk_registry" filename="src/chunk_registry.rs" line-rate="0.7244094488188977" branch-rate="0" complexity="0"><methods/><lines><line number="42" hits="26"/><line number="44" hits="26"/><line number="49" hits="14"/><line number="50" hits="64"/><line number="51" hits="75"/><line number="54" hits="50"/><line number="55" hits="24"/><line number="56" hits="24"/><line number="60" hits="14"/><line number="64" hits="35"/><line number="65" hits="70"/><line number="66" hits="35"/><line number="67" hits="70"/><line number="68" hits="68"/><line number="70" hits="35"/><line number="71" hits="35"/><line number="72" hits="35"/><line number="73" hits="35"/><line number="75" hits="35"/><line number="80" hits="1"/><line number="81" hits="2"/><line number="83" hits="5"/><line number="84" hits="8"/><line number="85" hits="4"/><line number="89" hits="1"/><line number="94" hits="10"/><line number="95" hits="20"/><line number="96" hits="10"/><line number="97" hits="20"/><line number="101" hits="0"/><line number="113" hits="4"/><line number="114" hits="4"/><line number="116" hits="10"/><line number="117" hits="6"/><line number="118" hits="6"/><line number="120" hits="0"/><line number="127" hits="5"/><line number="128" hits="15"/><line number="132" hits="5"/><line number="133" hits="20"/><line number="137" hits="8"/><line number="138" hits="32"/><line number="142" hits="1"/><line number="143" hits="3"/><line number="147" hits="3"/><line number="148" hits="6"/><line number="149" hits="3"/><line number="150" hits="6"/><line number="158" hits="1"/><line number="159" hits="2"/><line number="160" hits="1"/><line number="161" hits="2"/><line number="169" hits="3"/><line number="170" hits="12"/><line number="174" hits="5"/><line number="175" hits="10"/><line number="176" hits="5"/><line number="177" hits="10"/><line number="182" hits="4"/><line number="183" hits="2"/><line number="190" hits="7"/><line number="191" hits="31"/><line number="195" hits="7"/><line number="196" hits="7"/><line number="198" hits="10"/><line number="199" hits="9"/><line number="204" hits="7"/><line number="205" hits="7"/><line number="207" hits="10"/><line number="208" hits="8"/><line number="213" hits="14"/><line number="214" hits="42"/><line number="215" hits="56"/><line number="219" hits="0"/><line number="224" hits="0"/><line number="226" hits="0"/><line number="230" hits="7"/><line number="232" hits="14"/><line number="233" hits="31"/><line number="234" hits="31"/><line number="235" hits="14"/><line number="236" hits="14"/><line number="237" hits="14"/><line number="242" hits="1"/><line number="243" hits="3"/><line number="247" hits="1"/><line number="248" hits="4"/><line number="254" hits="0"/><line number="255" hits="0"/><line number="256" hits="0"/><line number="257" hits="0"/><line number="259" hits="0"/><line number="260" hits="0"/><line number="261" hits="0"/><line number="262" hits="0"/><line number="264" hits="0"/><line number="266" hits="0"/><line number="270" hits="0"/><line number="275" hits="0"/><line number="276" hits="0"/><line number="299" hits="47"/><line number="300" hits="94"/><line number="301" hits="47"/><line number="302" hits="141"/><line number="308" hits="94"/><line number="315" hits="10"/><line number="316" hits="10"/><line number="317" hits="10"/><line number="318" hits="30"/><line number="319" hits="10"/><line number="323" hits="0"/><line number="324" hits="0"/><line number="328" hits="0"/><line number="329" hits="0"/><line number="330" hits="0"/><line number="331" hits="0"/><line number="335" hits="0"/><line number="339" hits="0"/><line number="340" hits="0"/><line number="341" hits="0"/><line number="342" hits="0"/><line number="345" hits="0"/><line number="346" hits="0"/><line number="369" hits="0"/><line number="370" hits="0"/><line number="371" hits="0"/><line number="373" hits="0"/></lines></class><class name="config" filename="src/config.rs" line-rate="0.9692307692307692" branch-rate="0" complexity="0"><methods/><lines><line number="48" hits="17"/><line number="53" hits="34"/><line number="57" hits="34"/><line number="58" hits="34"/><line number="59" hits="34"/><line number="60" hits="17"/><line number="61" hits="17"/><line number="66" hits="10"/><line number="67" hits="10"/><line number="68" hits="10"/><line number="73" hits="7"/><line number="74" hits="7"/><line number="75" hits="7"/><line number="77" hits="7"/><line number="78" hits="7"/><line number="79" hits="7"/><line number="83" hits="4"/><line number="84" hits="4"/><line number="86" hits="4"/><line number="87" hits="4"/><line number="91" hits="4"/><line number="92" hits="4"/><line number="93" hits="4"/><line number="95" hits="4"/><line number="96" hits="4"/><line number="97" hits="4"/><line number="101" hits="1"/><line number="106" hits="2"/><line number="109" hits="2"/><line number="114" hits="2"/><line number="120" hits="2"/><line number="127" hits="1"/><line number="133" hits="1"/><line number="142" hits="1"/><line number="147" hits="2"/><line number="150" hits="2"/><line number="155" hits="2"/><line number="161" hits="2"/><line number="175" hits="1"/><line number="181" hits="1"/><line number="190" hits="1"/><line number="195" hits="2"/><line number="198" hits="2"/><line number="203" hits="2"/><line number="209" hits="2"/><line number="216" hits="1"/><line number="222" hits="1"/><line number="231" hits="21"/><line number="232" hits="21"/><line number="233" hits="2"/><line number="236" hits="0"/><line number="239" hits="2"/><line number="242" hits="2"/><line number="245" hits="0"/><line number="252" hits="17"/><line number="253" hits="17"/><line number="267" hits="17"/><line number="290" hits="17"/><line number="294" hits="17"/><line number="312" hits="17"/><line number="314" hits="17"/><line number="317" hits="17"/><line number="359" hits="17"/><line number="364" hits="17"/><line number="381" hits="17"/></lines></class><class name="crypto" filename="src/crypto.rs" line-rate="0.49411764705882355" branch-rate="0" complexity="0"><methods/><lines><line number="39" hits="1"/><line number="40" hits="1"/><line number="44" hits="1"/><line number="45" hits="1"/><line number="95" hits="10"/><line number="96" hits="10"/><line number="100" hits="11"/><line number="101" hits="11"/><line number="113" hits="5"/><line number="118" hits="3"/><line number="119" hits="12"/><line number="120" hits="9"/><line number="121" hits="3"/><line number="123" hits="6"/><line number="124" hits="9"/><line number="125" hits="3"/><line number="136" hits="3"/><line number="137" hits="3"/><line number="138" hits="2"/><line number="145" hits="1"/><line number="147" hits="2"/><line number="153" hits="0"/><line number="154" hits="0"/><line number="158" hits="0"/><line number="164" hits="0"/><line number="168" hits="0"/><line number="170" hits="0"/><line number="173" hits="0"/><line number="174" hits="0"/><line number="176" hits="0"/><line number="179" hits="0"/><line number="182" hits="0"/><line number="189" hits="0"/><line number="190" hits="0"/><line number="201" hits="7"/><line number="203" hits="14"/><line number="206" hits="8"/><line number="211" hits="21"/><line number="212" hits="21"/><line number="215" hits="7"/><line number="216" hits="14"/><line number="217" hits="14"/><line number="218" hits="14"/><line number="219" hits="14"/><line number="223" hits="28"/><line number="224" hits="14"/><line number="225" hits="28"/><line number="226" hits="7"/><line number="228" hits="7"/><line number="238" hits="3"/><line number="239" hits="6"/><line number="240" hits="9"/><line number="241" hits="9"/><line number="244" hits="6"/><line number="246" hits="3"/><line number="265" hits="0"/><line number="270" hits="0"/><line number="273" hits="0"/><line number="274" hits="0"/><line number="275" hits="0"/><line number="276" hits="0"/><line number="278" hits="0"/><line number="279" hits="0"/><line number="280" hits="0"/><line number="281" hits="0"/><line number="288" hits="0"/><line number="289" hits="0"/><line number="290" hits="0"/><line number="293" hits="0"/><line number="300" hits="0"/><line number="301" hits="0"/><line number="302" hits="0"/><line number="303" hits="0"/><line number="304" hits="0"/><line number="305" hits="0"/><line number="308" hits="0"/><line number="309" hits="0"/><line number="310" hits="0"/><line number="311" hits="0"/><line number="313" hits="0"/><line number="317" hits="0"/><line number="318" hits="0"/><line number="319" hits="0"/><line number="320" hits="0"/><line number="321" hits="0"/></lines></class><class name="gc" filename="src/gc.rs" line-rate="0.5176470588235295" branch-rate="0" complexity="0"><methods/><lines><line number="33" hits="0"/><line number="34" hits="0"/><line number="35" hits="0"/><line number="36" hits="0"/><line number="37" hits="0"/><line number="38" hits="0"/><line number="39" hits="0"/><line number="45" hits="0"/><line number="46" hits="0"/><line number="62" hits="18"/><line number="76" hits="4"/><line number="77" hits="8"/><line number="79" hits="4"/><line number="82" hits="1"/><line number="86" hits="6"/><line number="89" hits="3"/><line number="91" hits="18"/><line number="98" hits="2"/><line number="99" hits="2"/><line number="101" hits="7"/><line number="104" hits="6"/><line number="105" hits="9"/><line number="107" hits="0"/><line number="108" hits="0"/><line number="112" hits="0"/><line number="113" hits="0"/><line number="122" hits="3"/><line number="123" hits="0"/><line number="124" hits="0"/><line number="130" hits="0"/><line number="131" hits="0"/><line number="132" hits="0"/><line number="137" hits="1"/><line number="141" hits="2"/><line number="142" hits="3"/><line number="144" hits="2"/><line number="145" hits="0"/><line number="147" hits="1"/><line number="152" hits="5"/><line number="153" hits="10"/><line number="156" hits="15"/><line number="157" hits="10"/><line number="158" hits="0"/><line number="162" hits="5"/><line number="163" hits="0"/><line number="168" hits="0"/><line number="169" hits="0"/><line number="172" hits="0"/><line number="175" hits="5"/><line number="180" hits="0"/><line number="181" hits="0"/><line number="185" hits="1"/><line number="186" hits="3"/><line number="187" hits="2"/><line number="189" hits="1"/><line number="191" hits="1"/><line number="192" hits="1"/><line number="197" hits="1"/><line number="198" hits="3"/><line number="199" hits="2"/><line number="201" hits="3"/><line number="203" hits="7"/><line number="204" hits="3"/><line number="208" hits="3"/><line number="232" hits="1"/><line number="233" hits="1"/><line number="237" hits="0"/><line number="238" hits="0"/><line number="242" hits="0"/><line number="243" hits="0"/><line number="272" hits="1"/><line number="282" hits="1"/><line number="284" hits="1"/><line number="287" hits="0"/><line number="291" hits="0"/><line number="296" hits="1"/><line number="300" hits="0"/><line number="301" hits="0"/><line number="302" hits="0"/><line number="305" hits="0"/><line number="308" hits="0"/><line number="309" hits="0"/><line number="310" hits="0"/><line number="311" hits="0"/><line number="314" hits="0"/></lines></class><class name="gf256" filename="src/gf256.rs" line-rate="0.3392857142857143" branch-rate="0" complexity="0"><methods/><lines><line number="20" hits="0"/><line number="21" hits="0"/><line number="22" hits="0"/><line number="23" hits="0"/><line number="25" hits="0"/><line number="26" hits="0"/><line number="27" hits="0"/><line number="28" hits="0"/><line number="31" hits="0"/><line number="34" hits="0"/><line number="35" hits="0"/><line number="36" hits="0"/><line number="37" hits="0"/><line number="39" hits="0"/><line number="40" hits="0"/><line number="41" hits="0"/><line number="42" hits="0"/><line number="43" hits="0"/><line number="46" hits="0"/><line number="50" hits="0"/><line number="51" hits="0"/><line number="52" hits="0"/><line number="53" hits="0"/><line number="55" hits="0"/><line number="56" hits="0"/><line number="57" hits="0"/><line number="59" hits="0"/><line number="60" hits="0"/><line number="62" hits="0"/><line number="64" hits="0"/><line number="67" hits="0"/><line number="75" hits="278"/><line number="76" hits="278"/><line number="80" hits="258"/><line number="81" hits="258"/><line number="82" hits="0"/><line number="88" hits="0"/><line number="89" hits="0"/><line number="90" hits="0"/><line number="92" hits="0"/><line number="93" hits="0"/><line number="96" hits="0"/><line number="97" hits="0"/><line number="98" hits="0"/><line number="102" hits="0"/><line number="103" hits="0"/><line number="104" hits="0"/><line number="106" hits="0"/><line number="107" hits="0"/><line number="110" hits="0"/><line number="111" hits="0"/><line number="112" hits="0"/><line number="120" hits="34"/><line number="121" hits="34"/><line number="129" hits="37"/><line number="130" hits="37"/><line number="137" hits="337"/><line number="138" hits="668"/><line number="139" hits="18"/><line number="150" hits="8"/><line number="151" hits="8"/><line number="154" hits="0"/><line number="157" hits="0"/><line number="167" hits="0"/><line number="168" hits="0"/><line number="169" hits="0"/><line number="170" hits="0"/><line number="172" hits="0"/><line number="173" hits="0"/><line number="174" hits="0"/><line number="177" hits="0"/><line number="179" hits="0"/><line number="180" hits="0"/><line number="181" hits="0"/><line number="183" hits="0"/><line number="184" hits="0"/><line number="190" hits="0"/><line number="191" hits="0"/><line number="192" hits="0"/><line number="197" hits="1"/><line number="198" hits="2"/><line number="199" hits="5"/><line number="202" hits="7"/><line number="208" hits="3"/><line number="209" hits="6"/><line number="214" hits="0"/><line number="216" hits="0"/><line number="218" hits="6"/><line number="223" hits="1"/><line number="227" hits="1"/><line number="228" hits="3"/><line number="229" hits="3"/><line number="230" hits="5"/><line number="233" hits="7"/><line number="238" hits="4"/><line number="240" hits="6"/><line number="241" hits="9"/><line number="242" hits="3"/><line number="243" hits="0"/><line number="247" hits="3"/><line number="248" hits="0"/><line number="252" hits="0"/><line number="253" hits="0"/><line number="254" hits="0"/><line number="259" hits="3"/><line number="261" hits="0"/><line number="263" hits="9"/><line number="269" hits="9"/><line number="270" hits="6"/><line number="271" hits="12"/><line number="272" hits="24"/><line number="280" hits="1"/></lines></class><class name="ida" filename="src/ida.rs" line-rate="0.6428571428571429" branch-rate="0" complexity="0"><methods/><lines><line number="20" hits="4"/><line number="21" hits="4"/><line number="25" hits="2"/><line number="30" hits="1"/><line number="35" hits="1"/><line number="41" hits="0"/><line number="42" hits="0"/><line number="46" hits="0"/><line number="47" hits="0"/><line number="78" hits="2"/><line number="89" hits="4"/><line number="90" hits="4"/><line number="92" hits="2"/><line number="98" hits="2"/><line number="99" hits="2"/><line number="103" hits="2"/><line number="104" hits="2"/><line number="118" hits="7"/><line number="119" hits="21"/><line number="120" hits="4"/><line number="122" hits="5"/><line number="133" hits="0"/><line number="134" hits="0"/><line number="135" hits="0"/><line number="137" hits="0"/><line number="138" hits="0"/><line number="139" hits="0"/><line number="144" hits="0"/><line number="145" hits="0"/><line number="146" hits="0"/><line number="148" hits="0"/><line number="153" hits="2"/><line number="154" hits="4"/><line number="155" hits="4"/><line number="156" hits="4"/><line number="157" hits="4"/><line number="159" hits="25"/><line number="160" hits="7"/><line number="161" hits="7"/><line number="162" hits="7"/><line number="163" hits="7"/><line number="164" hits="7"/><line number="167" hits="2"/><line number="171" hits="1"/><line number="172" hits="3"/><line number="175" hits="2"/><line number="176" hits="2"/><line number="179" hits="8"/><line number="180" hits="3"/><line number="181" hits="0"/><line number="182" hits="0"/><line number="183" hits="0"/><line number="194" hits="1"/><line number="195" hits="0"/><line number="196" hits="0"/><line number="197" hits="0"/></lines></class><class name="lib" filename="src/lib.rs" line-rate="0.2653061224489796" branch-rate="0" complexity="0"><methods/><lines><line number="93" hits="537"/><line number="94" hits="1073"/><line number="95" hits="2"/><line number="96" hits="2"/><line number="97" hits="2"/><line number="103" hits="1"/><line number="104" hits="2"/><line number="105" hits="1"/><line number="117" hits="0"/><line number="118" hits="0"/><line number="122" hits="3"/><line number="123" hits="3"/><line number="131" hits="1"/><line number="136" hits="1"/><line number="141" hits="1"/><line number="148" hits="0"/><line number="149" hits="0"/><line number="150" hits="0"/><line number="153" hits="0"/><line number="154" hits="0"/><line number="169" hits="0"/><line number="170" hits="0"/><line number="171" hits="0"/><line number="175" hits="0"/><line number="180" hits="0"/><line number="181" hits="0"/><line number="182" hits="0"/><line number="185" hits="0"/><line number="186" hits="0"/><line number="188" hits="0"/><line number="189" hits="0"/><line number="190" hits="0"/><line number="194" hits="0"/><line number="197" hits="0"/><line number="198" hits="0"/><line number="199" hits="0"/><line number="202" hits="0"/><line number="203" hits="0"/><line number="205" hits="0"/><line number="209" hits="0"/><line number="210" hits="0"/><line number="213" hits="0"/><line number="216" hits="0"/><line number="219" hits="0"/><line number="220" hits="0"/><line number="221" hits="0"/><line number="222" hits="0"/><line number="224" hits="0"/><line number="228" hits="0"/></lines></class><class name="metadata" filename="src/metadata.rs" line-rate="0.6823529411764706" branch-rate="0" complexity="0"><methods/><lines><line number="37" hits="11"/><line number="55" hits="6"/><line number="74" hits="20"/><line number="75" hits="40"/><line number="78" hits="60"/><line number="79" hits="60"/><line number="82" hits="20"/><line number="83" hits="0"/><line number="88" hits="80"/><line number="96" hits="22"/><line number="100" hits="20"/><line number="104" hits="2"/><line number="105" hits="2"/><line number="106" hits="2"/><line number="110" hits="3"/><line number="111" hits="6"/><line number="112" hits="3"/><line number="116" hits="0"/><line number="117" hits="0"/><line number="121" hits="2"/><line number="123" hits="4"/><line number="124" hits="11"/><line number="125" hits="15"/><line number="126" hits="1"/><line number="134" hits="1"/><line number="156" hits="34"/><line number="162" hits="34"/><line number="167" hits="3"/><line number="168" hits="12"/><line number="169" hits="2"/><line number="174" hits="2"/><line number="175" hits="2"/><line number="218" hits="3"/><line number="219" hits="6"/><line number="220" hits="3"/><line number="221" hits="9"/><line number="231" hits="3"/><line number="236" hits="3"/><line number="237" hits="6"/><line number="238" hits="3"/><line number="242" hits="2"/><line number="243" hits="4"/><line number="244" hits="2"/><line number="248" hits="0"/><line number="249" hits="0"/><line number="250" hits="0"/><line number="251" hits="0"/><line number="257" hits="0"/><line number="258" hits="0"/><line number="270" hits="1"/><line number="271" hits="3"/><line number="272" hits="1"/><line number="276" hits="1"/><line number="277" hits="3"/><line number="278" hits="4"/><line number="280" hits="4"/><line number="282" hits="0"/><line number="284" hits="1"/><line number="288" hits="0"/><line number="289" hits="0"/><line number="291" hits="0"/><line number="293" hits="0"/><line number="295" hits="0"/><line number="299" hits="2"/><line number="300" hits="4"/><line number="304" hits="1"/><line number="305" hits="4"/><line number="306" hits="1"/><line number="307" hits="3"/><line number="309" hits="1"/><line number="313" hits="0"/><line number="314" hits="0"/><line number="316" hits="0"/><line number="317" hits="0"/><line number="318" hits="0"/><line number="319" hits="0"/><line number="321" hits="0"/><line number="322" hits="0"/><line number="323" hits="0"/><line number="324" hits="0"/><line number="325" hits="0"/><line number="332" hits="0"/><line number="335" hits="4"/><line number="336" hits="12"/><line number="337" hits="12"/></lines></class><class name="pipeline" filename="src/pipeline.rs" line-rate="0.4579831932773109" branch-rate="0" complexity="0"><methods/><lines><line number="42" hits="2"/><line number="48" hits="2"/><line number="53" hits="2"/><line number="54" hits="4"/><line number="55" hits="2"/><line number="59" hits="1"/><line number="60" hits="2"/><line number="61" hits="1"/><line number="65" hits="0"/><line number="66" hits="0"/><line number="71" hits="0"/><line number="72" hits="0"/><line number="99" hits="22"/><line number="100" hits="33"/><line number="102" hits="11"/><line number="103" hits="0"/><line number="106" hits="0"/><line number="107" hits="0"/><line number="110" hits="11"/><line number="111" hits="0"/><line number="112" hits="0"/><line number="113" hits="0"/><line number="114" hits="0"/><line number="115" hits="0"/><line number="118" hits="0"/><line number="119" hits="0"/><line number="120" hits="0"/><line number="121" hits="0"/><line number="122" hits="0"/><line number="123" hits="0"/><line number="124" hits="0"/><line number="125" hits="0"/><line number="131" hits="6"/><line number="138" hits="12"/><line number="141" hits="12"/><line number="142" hits="12"/><line number="144" hits="2"/><line number="148" hits="6"/><line number="149" hits="6"/><line number="150" hits="0"/><line number="151" hits="2"/><line number="152" hits="0"/><line number="154" hits="5"/><line number="157" hits="0"/><line number="158" hits="0"/><line number="159" hits="0"/><line number="160" hits="0"/><line number="163" hits="0"/><line number="167" hits="0"/><line number="168" hits="0"/><line number="169" hits="0"/><line number="174" hits="18"/><line number="175" hits="24"/><line number="179" hits="30"/><line number="183" hits="0"/><line number="185" hits="0"/><line number="186" hits="0"/><line number="190" hits="2"/><line number="191" hits="0"/><line number="192" hits="2"/><line number="193" hits="0"/><line number="195" hits="1"/><line number="196" hits="0"/><line number="198" hits="0"/><line number="199" hits="0"/><line number="200" hits="0"/><line number="201" hits="0"/><line number="206" hits="0"/><line number="207" hits="0"/><line number="210" hits="6"/><line number="215" hits="10"/><line number="216" hits="10"/><line number="219" hits="27"/><line number="220" hits="44"/><line number="221" hits="0"/><line number="225" hits="10"/><line number="228" hits="10"/><line number="229" hits="0"/><line number="232" hits="5"/><line number="233" hits="3"/><line number="234" hits="0"/><line number="236" hits="4"/><line number="240" hits="0"/><line number="241" hits="0"/><line number="243" hits="0"/><line number="244" hits="0"/><line number="245" hits="0"/><line number="246" hits="0"/><line number="247" hits="10"/><line number="249" hits="0"/><line number="251" hits="0"/><line number="252" hits="0"/><line number="253" hits="0"/><line number="255" hits="0"/><line number="259" hits="0"/><line number="260" hits="12"/><line number="262" hits="1"/><line number="267" hits="12"/><line number="268" hits="12"/><line number="269" hits="12"/><line number="272" hits="36"/><line number="273" hits="0"/><line number="276" hits="0"/><line number="277" hits="0"/><line number="279" hits="0"/><line number="280" hits="0"/><line number="283" hits="0"/><line number="288" hits="0"/><line number="289" hits="0"/><line number="290" hits="0"/><line number="293" hits="0"/><line number="297" hits="0"/><line number="298" hits="0"/><line number="303" hits="0"/><line number="306" hits="0"/><line number="308" hits="0"/><line number="311" hits="6"/><line number="315" hits="22"/><line number="316" hits="22"/><line number="319" hits="33"/><line number="322" hits="33"/><line number="323" hits="0"/><line number="326" hits="0"/><line number="330" hits="10"/><line number="332" hits="32"/><line number="333" hits="0"/><line number="335" hits="0"/><line number="339" hits="12"/><line number="341" hits="6"/><line number="345" hits="0"/><line number="350" hits="0"/><line number="351" hits="0"/><line number="353" hits="0"/><line number="354" hits="0"/><line number="355" hits="0"/><line number="356" hits="0"/><line number="358" hits="0"/><line number="359" hits="0"/><line number="361" hits="0"/><line number="363" hits="0"/><line number="365" hits="0"/><line number="366" hits="0"/><line number="372" hits="2"/><line number="374" hits="2"/><line number="378" hits="4"/><line number="383" hits="12"/><line number="384" hits="16"/><line number="385" hits="16"/><line number="386" hits="4"/><line number="390" hits="4"/><line number="394" hits="12"/><line number="395" hits="8"/><line number="396" hits="4"/><line number="397" hits="8"/><line number="399" hits="4"/><line number="403" hits="0"/><line number="404" hits="0"/><line number="405" hits="0"/><line number="409" hits="5"/><line number="410" hits="10"/><line number="411" hits="10"/><line number="414" hits="10"/><line number="415" hits="10"/><line number="416" hits="10"/><line number="417" hits="10"/><line number="418" hits="10"/><line number="419" hits="5"/><line number="446" hits="6"/><line number="447" hits="9"/><line number="449" hits="3"/><line number="480" hits="2"/><line number="487" hits="4"/><line number="488" hits="6"/><line number="490" hits="0"/><line number="494" hits="2"/><line number="496" hits="4"/><line number="497" hits="2"/><line number="501" hits="0"/><line number="502" hits="0"/><line number="503" hits="0"/><line number="507" hits="0"/><line number="508" hits="0"/><line number="515" hits="0"/><line number="521" hits="6"/><line number="522" hits="6"/><line number="523" hits="2"/><line number="531" hits="0"/><line number="534" hits="2"/><line number="538" hits="0"/><line number="539" hits="0"/><line number="542" hits="0"/><line number="543" hits="0"/><line number="544" hits="0"/><line number="548" hits="0"/><line number="551" hits="0"/><line number="552" hits="0"/><line number="555" hits="0"/><line number="556" hits="0"/><line number="558" hits="0"/><line number="563" hits="2"/><line number="568" hits="4"/><line number="569" hits="4"/><line number="571" hits="10"/><line number="609" hits="2"/><line number="613" hits="0"/><line number="619" hits="0"/><line number="624" hits="0"/><line number="625" hits="0"/><line number="630" hits="0"/><line number="634" hits="4"/><line number="636" hits="2"/><line number="640" hits="0"/><line number="642" hits="0"/><line number="646" hits="0"/><line number="648" hits="0"/><line number="652" hits="2"/><line number="657" hits="6"/><line number="658" hits="8"/><line number="659" hits="8"/><line number="660" hits="2"/><line number="664" hits="0"/><line number="668" hits="0"/><line number="669" hits="0"/><line number="670" hits="0"/><line number="671" hits="0"/><line number="673" hits="0"/><line number="677" hits="0"/><line number="678" hits="0"/><line number="679" hits="0"/><line number="683" hits="1"/><line number="684" hits="2"/><line number="685" hits="2"/><line number="688" hits="2"/><line number="689" hits="2"/><line number="690" hits="2"/><line number="691" hits="2"/><line number="692" hits="2"/><line number="693" hits="1"/></lines></class><class name="quantum_crypto" filename="src/quantum_crypto.rs" line-rate="0.8658536585365854" branch-rate="0" complexity="0"><methods/><lines><line number="62" hits="4"/><line number="63" hits="4"/><line number="67" hits="16"/><line number="68" hits="16"/><line number="81" hits="0"/><line number="82" hits="0"/><line number="88" hits="17"/><line number="90" hits="17"/><line number="96" hits="3"/><line number="104" hits="12"/><line number="110" hits="12"/><line number="111" hits="7"/><line number="113" hits="6"/><line number="117" hits="6"/><line number="122" hits="7"/><line number="129" hits="7"/><line number="131" hits="7"/><line number="134" hits="0"/><line number="140" hits="0"/><line number="141" hits="0"/><line number="144" hits="10"/><line number="150" hits="50"/><line number="153" hits="16"/><line number="157" hits="10"/><line number="165" hits="9"/><line number="171" hits="2"/><line number="173" hits="4"/><line number="176" hits="4"/><line number="178" hits="2"/><line number="181" hits="2"/><line number="183" hits="0"/><line number="197" hits="2"/><line number="211" hits="7"/><line number="219" hits="21"/><line number="222" hits="2"/><line number="224" hits="5"/><line number="228" hits="7"/><line number="235" hits="0"/><line number="240" hits="0"/><line number="243" hits="17"/><line number="249" hits="34"/><line number="250" hits="51"/><line number="252" hits="22"/><line number="256" hits="51"/><line number="259" hits="17"/><line number="260" hits="34"/><line number="261" hits="51"/><line number="262" hits="22"/><line number="265" hits="34"/><line number="268" hits="68"/><line number="269" hits="34"/><line number="270" hits="68"/><line number="271" hits="17"/><line number="273" hits="17"/><line number="276" hits="12"/><line number="278" hits="36"/><line number="279" hits="36"/><line number="282" hits="36"/><line number="284" hits="24"/><line number="285" hits="36"/><line number="286" hits="12"/><line number="296" hits="7"/><line number="302" hits="7"/><line number="303" hits="0"/><line number="310" hits="0"/><line number="320" hits="7"/><line number="322" hits="0"/><line number="328" hits="10"/><line number="333" hits="20"/><line number="334" hits="30"/><line number="335" hits="30"/><line number="337" hits="13"/><line number="341" hits="30"/><line number="342" hits="20"/><line number="343" hits="30"/><line number="344" hits="10"/><line number="348" hits="3"/><line number="349" hits="6"/><line number="350" hits="9"/><line number="351" hits="9"/><line number="352" hits="9"/><line number="353" hits="3"/></lines></class><class name="storage" filename="src/storage.rs" line-rate="0.5944444444444444" branch-rate="0" complexity="0"><methods/><lines><line number="25" hits="8"/><line number="26" hits="8"/><line number="30" hits="3"/><line number="31" hits="9"/><line number="32" hits="3"/><line number="36" hits="7"/><line number="37" hits="7"/><line number="41" hits="18"/><line number="42" hits="36"/><line number="47" hits="0"/><line number="48" hits="0"/><line number="53" hits="11"/><line number="54" hits="11"/><line number="80" hits="10"/><line number="92" hits="10"/><line number="97" hits="18"/><line number="98" hits="36"/><line number="99" hits="18"/><line number="100" hits="36"/><line number="101" hits="18"/><line number="102" hits="36"/><line number="103" hits="54"/><line number="104" hits="18"/><line number="106" hits="0"/><line number="107" hits="0"/><line number="108" hits="0"/><line number="109" hits="0"/><line number="116" hits="3"/><line number="117" hits="3"/><line number="118" hits="0"/><line number="119" hits="0"/><line number="120" hits="0"/><line number="121" hits="0"/><line number="125" hits="0"/><line number="140" hits="10"/><line number="145" hits="11"/><line number="146" hits="33"/><line number="154" hits="6"/><line number="155" hits="18"/><line number="163" hits="2"/><line number="164" hits="2"/><line number="165" hits="0"/><line number="166" hits="0"/><line number="170" hits="2"/><line number="190" hits="2"/><line number="216" hits="2"/><line number="217" hits="4"/><line number="218" hits="2"/><line number="219" hits="6"/><line number="306" hits="58"/><line number="307" hits="58"/><line number="309" hits="87"/><line number="310" hits="29"/><line number="312" hits="29"/><line number="314" hits="29"/><line number="315" hits="29"/><line number="316" hits="29"/><line number="317" hits="29"/><line number="322" hits="15"/><line number="323" hits="45"/><line number="326" hits="30"/><line number="328" hits="45"/><line number="329" hits="30"/><line number="330" hits="150"/><line number="334" hits="45"/><line number="338" hits="0"/><line number="339" hits="0"/><line number="340" hits="0"/><line number="344" hits="12"/><line number="345" hits="12"/><line number="346" hits="6"/><line number="348" hits="6"/><line number="354" hits="6"/><line number="378" hits="3"/><line number="381" hits="1"/><line number="382" hits="1"/><line number="391" hits="2"/><line number="401" hits="4"/><line number="406" hits="1"/><line number="418" hits="0"/><line number="419" hits="0"/><line number="447" hits="0"/><line number="451" hits="0"/><line number="467" hits="0"/><line number="470" hits="0"/><line number="471" hits="0"/><line number="475" hits="0"/><line number="478" hits="0"/><line number="488" hits="0"/><line number="511" hits="0"/><line number="541" hits="0"/><line number="552" hits="0"/><line number="611" hits="4"/><line number="613" hits="16"/><line number="614" hits="8"/><line number="619" hits="1"/><line number="621" hits="1"/><line number="622" hits="1"/><line number="623" hits="0"/><line number="625" hits="1"/><line number="626" hits="1"/><line number="627" hits="0"/><line number="632" hits="2"/><line number="633" hits="2"/><line number="634" hits="2"/><line number="635" hits="0"/><line number="640" hits="2"/><line number="641" hits="2"/><line number="642" hits="2"/><line number="643" hits="0"/><line number="649" hits="0"/><line number="650" hits="0"/><line number="656" hits="3"/><line number="665" hits="1"/><line number="673" hits="0"/><line number="676" hits="0"/><line number="685" hits="3"/><line number="693" hits="0"/><line number="701" hits="2"/><line number="710" hits="1"/><line number="718" hits="0"/><line number="719" hits="0"/><line number="723" hits="0"/><line number="732" hits="0"/><line number="740" hits="0"/><line number="752" hits="0"/><line number="773" hits="0"/><line number="784" hits="1"/><line number="861" hits="1"/><line number="866" hits="3"/><line number="868" hits="6"/><line number="869" hits="15"/><line number="872" hits="9"/><line number="875" hits="12"/><line number="876" hits="12"/><line number="877" hits="12"/><line number="878" hits="6"/><line number="879" hits="6"/><line number="880" hits="6"/><line number="883" hits="0"/><line number="886" hits="0"/><line number="894" hits="30"/><line number="895" hits="6"/><line number="897" hits="3"/><line number="898" hits="3"/><line number="901" hits="6"/><line number="902" hits="18"/><line number="906" hits="3"/><line number="912" hits="0"/><line number="945" hits="0"/><line number="967" hits="0"/><line number="983" hits="0"/><line number="1000" hits="0"/><line number="1006" hits="0"/><line number="1012" hits="0"/><line number="1020" hits="0"/><line number="1025" hits="0"/><line number="1030" hits="0"/><line number="1040" hits="0"/><line number="1072" hits="1"/><line number="1080" hits="3"/><line number="1088" hits="0"/><line number="1089" hits="0"/><line number="1093" hits="0"/><line number="1094" hits="0"/><line number="1095" hits="0"/><line number="1097" hits="0"/><line number="1102" hits="3"/><line number="1103" hits="6"/><line number="1109" hits="1"/><line number="1154" hits="1"/><line number="1170" hits="0"/><line number="1180" hits="0"/><line number="1190" hits="0"/><line number="1203" hits="0"/><line number="1248" hits="0"/><line number="1264" hits="0"/><line number="1274" hits="0"/><line number="1289" hits="0"/><line number="1310" hits="0"/></lines></class><class name="traits" filename="src/traits.rs" line-rate="0" branch-rate="0" complexity="0"><methods/><lines><line number="57" hits="0"/><line number="58" hits="0"/></lines></class><class name="types" filename="src/types.rs" line-rate="0.22580645161290322" branch-rate="0" complexity="0"><methods/><lines><line number="12" hits="0"/><line number="13" hits="0"/><line number="17" hits="8"/><line number="18" hits="24"/><line number="19" hits="8"/><line number="23" hits="0"/><line number="24" hits="0"/><line number="29" hits="0"/><line number="30" hits="0"/><line number="43" hits="14"/><line number="45" hits="14"/><line number="51" hits="0"/><line number="52" hits="0"/><line number="56" hits="0"/><line number="57" hits="0"/><line number="62" hits="0"/><line number="63" hits="0"/><line number="76" hits="14"/><line number="78" hits="14"/><line number="84" hits="0"/><line number="85" hits="0"/><line number="89" hits="0"/><line number="90" hits="0"/><line number="95" hits="0"/><line number="96" hits="0"/><line number="106" hits="0"/><line number="107" hits="0"/><line number="111" hits="0"/><line number="112" hits="0"/><line number="117" hits="0"/><line number="118" hits="0"/></lines></class><class name="version" filename="src/version.rs" line-rate="0.6086956521739131" branch-rate="0" complexity="0"><methods/><lines><line number="36" hits="18"/><line number="40" hits="36"/><line number="41" hits="18"/><line number="47" hits="5"/><line number="48" hits="10"/><line number="49" hits="5"/><line number="53" hits="12"/><line number="54" hits="24"/><line number="55" hits="12"/><line number="59" hits="12"/><line number="60" hits="24"/><line number="61" hits="12"/><line number="65" hits="6"/><line number="66" hits="6"/><line number="67" hits="6"/><line number="68" hits="3"/><line number="73" hits="1"/><line number="74" hits="2"/><line number="75" hits="3"/><line number="77" hits="5"/><line number="82" hits="1"/><line number="101" hits="1"/><line number="102" hits="2"/><line number="103" hits="1"/><line number="104" hits="3"/><line number="116" hits="0"/><line number="117" hits="0"/><line number="118" hits="0"/><line number="122" hits="0"/><line number="123" hits="0"/><line number="124" hits="0"/><line number="129" hits="0"/><line number="130" hits="0"/><line number="159" hits="17"/><line number="161" hits="34"/><line number="163" hits="17"/><line number="168" hits="12"/><line number="169" hits="36"/><line number="172" hits="25"/><line number="177" hits="0"/><line number="181" hits="44"/><line number="185" hits="13"/><line number="186" hits="0"/><line number="189" hits="44"/><line number="190" hits="11"/><line number="198" hits="1"/><line number="205" hits="0"/><line number="206" hits="12"/><line number="207" hits="0"/><line number="212" hits="12"/><line number="219" hits="11"/><line number="220" hits="11"/><line number="221" hits="22"/><line number="222" hits="11"/><line number="226" hits="1"/><line number="227" hits="2"/><line number="229" hits="3"/><line number="230" hits="1"/><line number="233" hits="3"/><line number="240" hits="1"/><line number="241" hits="1"/><line number="245" hits="0"/><line number="247" hits="0"/><line number="248" hits="0"/><line number="250" hits="0"/><line number="251" hits="0"/><line number="253" hits="0"/><line number="254" hits="0"/><line number="255" hits="0"/><line number="258" hits="0"/><line number="259" hits="0"/><line number="261" hits="0"/><line number="262" hits="0"/><line number="264" hits="0"/><line number="266" hits="0"/><line number="267" hits="0"/><line number="270" hits="0"/><line number="271" hits="0"/><line number="272" hits="0"/><line number="273" hits="0"/><line number="274" hits="0"/><line number="279" hits="0"/><line number="280" hits="0"/><line number="284" hits="0"/><line number="285" hits="0"/><line number="288" hits="0"/><line number="289" hits="0"/><line number="292" hits="0"/><line number="293" hits="0"/><line number="296" hits="0"/><line number="298" hits="0"/><line number="301" hits="0"/><line number="305" hits="1"/><line number="306" hits="5"/><line number="308" hits="1"/><line number="309" hits="1"/><line number="312" hits="1"/><line number="313" hits="0"/><line number="316" hits="0"/><line number="320" hits="1"/><line number="321" hits="1"/><line number="323" hits="2"/><line number="324" hits="1"/><line number="325" hits="1"/><line number="326" hits="3"/><line number="327" hits="4"/><line number="333" hits="1"/><line number="338" hits="4"/><line number="351" hits="1"/><line number="352" hits="2"/><line number="353" hits="2"/><line number="355" hits="3"/><line number="357" hits="3"/><line number="362" hits="1"/><line number="369" hits="2"/></lines></class></classes></package><package name="src/backends" line-rate="0.45454545454545453" branch-rate="0" complexity="0"><classes><class name="mod" filename="src/backends/mod.rs" line-rate="0" branch-rate="0" complexity="0"><methods/><lines><line number="14" hits="0"/><line number="22" hits="0"/></lines></class><class name="pure_rust" filename="src/backends/pure_rust.rs" line-rate="0.4666666666666667" branch-rate="0" complexity="0"><methods/><lines><line number="14" hits="0"/><line number="15" hits="0"/><line number="20" hits="533"/><line number="24" hits="639"/><line number="31" hits="1278"/><line number="32" hits="0"/><line number="33" hits="0"/><line number="34" hits="0"/><line number="39" hits="0"/><line number="40" hits="0"/><line number="41" hits="0"/><line number="46" hits="14315"/><line number="47" hits="13676"/><line number="48" hits="0"/><line number="49" hits="0"/><line number="50" hits="0"/><line number="56" hits="639"/><line number="57" hits="1"/><line number="58" hits="1"/><line number="63" hits="638"/><line number="64" hits="0"/><line number="67" hits="14310"/><line number="68" hits="6836"/><line number="69" hits="13672"/><line number="70" hits="6836"/><line number="74" hits="1276"/><line number="76" hits="0"/><line number="80" hits="3548"/><line number="81" hits="3548"/><line number="82" hits="7096"/><line number="89" hits="319"/><line number="90" hits="957"/><line number="91" hits="638"/><line number="94" hits="11975"/><line number="95" hits="319"/><line number="96" hits="106"/><line number="97" hits="106"/><line number="98" hits="106"/><line number="103" hits="4556"/><line number="105" hits="213"/><line number="109" hits="0"/><line number="111" hits="0"/><line number="112" hits="0"/><line number="116" hits="0"/><line number="117" hits="0"/><line number="124" hits="0"/><line number="125" hits="0"/><line number="128" hits="0"/><line number="129" hits="0"/><line number="130" hits="0"/><line number="140" hits="0"/><line number="141" hits="0"/><line number="146" hits="0"/><line number="147" hits="0"/><line number="148" hits="0"/><line number="152" hits="0"/><line number="157" hits="639"/><line number="163" hits="1278"/><line number="164" hits="639"/><line number="165" hits="639"/><line number="166" hits="639"/><line number="167" hits="639"/><line number="171" hits="319"/><line number="172" hits="1276"/><line number="175" hits="0"/><line number="178" hits="0"/><line number="181" hits="0"/><line number="182" hits="0"/><line number="186" hits="0"/><line number="187" hits="0"/><line number="188" hits="0"/><line number="192" hits="0"/><line number="194" hits="0"/><line number="195" hits="0"/><line number="198" hits="0"/></lines></class></classes></package><package name="benches" line-rate="0" branch-rate="0" complexity="0"><classes></classes></package><package name="examples" line-rate="0" branch-rate="0" complexity="0"><classes></classes></package><package name="tests" line-rate="0" branch-rate="0" complexity="0"><classes></classes></package></packages></coverage>